<?xml version="1.0" encoding="UTF-8"?>
<!-- Generated by org.testng.reporters.JUnitXMLReporter -->
<testsuite hostname="SAIKUMAR-PC" failures="1" tests="1" name="E_DSA_CurrentPage" time="75.822" errors="0" timestamp="11 Jun 2025 09:10:53 GMT">
  <testcase classname="docuexec.EnduserAllModules.PendingAction" name="E_DSA_PendingActionOnCurrentPage" time="71.687">
    <failure type="org.openqa.selenium.NoSuchElementException" message="Could not find &amp;apos;Pending Action Inbox&amp;apos; after scrolling.
For documentation on this error, please visit: https://www.selenium.dev/documentation/webdriver/troubleshooting/errors#no-such-element-exception
Build info: version: &amp;apos;4.18.1&amp;apos;, revision: &amp;apos;b1d3319b48&amp;apos;
System info: os.name: &amp;apos;Windows 10&amp;apos;, os.arch: &amp;apos;amd64&amp;apos;, os.version: &amp;apos;10.0&amp;apos;, java.version: &amp;apos;15&amp;apos;
Driver info: driver.version: unknown">
      <![CDATA[org.openqa.selenium.NoSuchElementException: Could not find 'Pending Action Inbox' after scrolling.
For documentation on this error, please visit: https://www.selenium.dev/documentation/webdriver/troubleshooting/errors#no-such-element-exception
Build info: version: '4.18.1', revision: 'b1d3319b48'
System info: os.name: 'Windows 10', os.arch: 'amd64', os.version: '10.0', java.version: '15'
Driver info: driver.version: unknown
	at docuexec.EnduserAllModules.PendingAction.DiscardAndSignPendingAction(PendingAction.java:512)
	at docuexec.EnduserAllModules.PendingAction.E_DSA_PendingActionOnCurrentPage(PendingAction.java:60)
... Removed 25 stack frames]]>
    </failure>
  </testcase> <!-- E_DSA_PendingActionOnCurrentPage -->
</testsuite> <!-- E_DSA_CurrentPage -->
