<?xml version="1.0" encoding="UTF-8"?>
<!-- Generated by org.testng.reporters.JUnitXMLReporter -->
<testsuite ignored="34" hostname="LAVANYAB-PC" failures="1" tests="1" name="E_Finish_CurrentPage" time="94.145" errors="0" timestamp="2025-06-11T05:53:31 IST">
  <testcase classname="docuexec.EnduserAllModules.Baseclass" name="@AfterClass close" time="2.022">
    <failure type="org.openqa.selenium.NoSuchSessionException" message="invalid session id: session deleted as the browser has closed the connection
from disconnected: not connected to DevTools
  (Session info: chrome=137.0.7151.69)
Build info: version: &amp;apos;4.18.1&amp;apos;, revision: &amp;apos;b1d3319b48&amp;apos;
System info: os.name: &amp;apos;Windows 11&amp;apos;, os.arch: &amp;apos;amd64&amp;apos;, os.version: &amp;apos;10.0&amp;apos;, java.version: &amp;apos;17.0.9&amp;apos;
Driver info: org.openqa.selenium.chrome.ChromeDriver
Command: [54e880c83871d5ea2cbffb3fb457029d, close {}]
Capabilities {acceptInsecureCerts: false, browserName: chrome, browserVersion: 137.0.7151.69, chrome: {chromedriverVersion: 137.0.7151.68 (2989ffee9373..., userDataDir: C:\Users\LAVANY~1.FIN\AppDa...}, fedcm:accounts: true, goog:chromeOptions: {debuggerAddress: localhost:60946}, networkConnectionEnabled: false, pageLoadStrategy: normal, platformName: windows, proxy: Proxy(), se:cdp: ws://localhost:60946/devtoo..., se:cdpVersion: 137.0.7151.69, setWindowRect: true, strictFileInteractability: false, timeouts: {implicit: 0, pageLoad: 300000, script: 30000}, unhandledPromptBehavior: dismiss and notify, webauthn:extension:credBlob: true, webauthn:extension:largeBlob: true, webauthn:extension:minPinLength: true, webauthn:extension:prf: true, webauthn:virtualAuthenticators: true}
Session ID: 54e880c83871d5ea2cbffb3fb457029d">
      <![CDATA[org.openqa.selenium.NoSuchSessionException: invalid session id: session deleted as the browser has closed the connection
from disconnected: not connected to DevTools
  (Session info: chrome=137.0.7151.69)
Build info: version: '4.18.1', revision: 'b1d3319b48'
System info: os.name: 'Windows 11', os.arch: 'amd64', os.version: '10.0', java.version: '17.0.9'
Driver info: org.openqa.selenium.chrome.ChromeDriver
Command: [54e880c83871d5ea2cbffb3fb457029d, close {}]
Capabilities {acceptInsecureCerts: false, browserName: chrome, browserVersion: 137.0.7151.69, chrome: {chromedriverVersion: 137.0.7151.68 (2989ffee9373..., userDataDir: C:\Users\LAVANY~1.FIN\AppDa...}, fedcm:accounts: true, goog:chromeOptions: {debuggerAddress: localhost:60946}, networkConnectionEnabled: false, pageLoadStrategy: normal, platformName: windows, proxy: Proxy(), se:cdp: ws://localhost:60946/devtoo..., se:cdpVersion: 137.0.7151.69, setWindowRect: true, strictFileInteractability: false, timeouts: {implicit: 0, pageLoad: 300000, script: 30000}, unhandledPromptBehavior: dismiss and notify, webauthn:extension:credBlob: true, webauthn:extension:largeBlob: true, webauthn:extension:minPinLength: true, webauthn:extension:prf: true, webauthn:virtualAuthenticators: true}
Session ID: 54e880c83871d5ea2cbffb3fb457029d
at org.openqa.selenium.remote.ErrorCodec.decode(ErrorCodec.java:167)
at org.openqa.selenium.remote.codec.w3c.W3CHttpResponseCodec.decode(W3CHttpResponseCodec.java:138)
at org.openqa.selenium.remote.codec.w3c.W3CHttpResponseCodec.decode(W3CHttpResponseCodec.java:50)
at org.openqa.selenium.remote.HttpCommandExecutor.execute(HttpCommandExecutor.java:190)
at org.openqa.selenium.remote.service.DriverCommandExecutor.invokeExecute(DriverCommandExecutor.java:216)
at org.openqa.selenium.remote.service.DriverCommandExecutor.execute(DriverCommandExecutor.java:174)
at org.openqa.selenium.remote.RemoteWebDriver.execute(RemoteWebDriver.java:519)
at org.openqa.selenium.remote.RemoteWebDriver.execute(RemoteWebDriver.java:592)
at org.openqa.selenium.remote.RemoteWebDriver.execute(RemoteWebDriver.java:596)
at org.openqa.selenium.remote.RemoteWebDriver.close(RemoteWebDriver.java:406)
at docuexec.EnduserAllModules.Baseclass.close(Baseclass.java:124)
at java.base/java.util.ArrayList.forEach(ArrayList.java:1511)
... Removed 31 stack frames]]>
    </failure>
  </testcase> <!-- @AfterClass close -->
  <testcase classname="docuexec.EnduserAllModules.PendingAction" name="E_Finish_PendingActionOnCurrentPage" time="79.996">
    <failure type="org.openqa.selenium.NoSuchWindowException" message="no such window: target window already closed
from unknown error: web view not found
  (Session info: chrome=137.0.7151.69)
Build info: version: &amp;apos;4.18.1&amp;apos;, revision: &amp;apos;b1d3319b48&amp;apos;
System info: os.name: &amp;apos;Windows 11&amp;apos;, os.arch: &amp;apos;amd64&amp;apos;, os.version: &amp;apos;10.0&amp;apos;, java.version: &amp;apos;17.0.9&amp;apos;
Driver info: org.openqa.selenium.chrome.ChromeDriver
Command: [54e880c83871d5ea2cbffb3fb457029d, findElement {value=#append, using=css selector}]
Capabilities {acceptInsecureCerts: false, browserName: chrome, browserVersion: 137.0.7151.69, chrome: {chromedriverVersion: 137.0.7151.68 (2989ffee9373..., userDataDir: C:\Users\LAVANY~1.FIN\AppDa...}, fedcm:accounts: true, goog:chromeOptions: {debuggerAddress: localhost:60946}, networkConnectionEnabled: false, pageLoadStrategy: normal, platformName: windows, proxy: Proxy(), se:cdp: ws://localhost:60946/devtoo..., se:cdpVersion: 137.0.7151.69, setWindowRect: true, strictFileInteractability: false, timeouts: {implicit: 0, pageLoad: 300000, script: 30000}, unhandledPromptBehavior: dismiss and notify, webauthn:extension:credBlob: true, webauthn:extension:largeBlob: true, webauthn:extension:minPinLength: true, webauthn:extension:prf: true, webauthn:virtualAuthenticators: true}
Session ID: 54e880c83871d5ea2cbffb3fb457029d">
      <![CDATA[org.openqa.selenium.NoSuchWindowException: no such window: target window already closed
from unknown error: web view not found
  (Session info: chrome=137.0.7151.69)
Build info: version: '4.18.1', revision: 'b1d3319b48'
System info: os.name: 'Windows 11', os.arch: 'amd64', os.version: '10.0', java.version: '17.0.9'
Driver info: org.openqa.selenium.chrome.ChromeDriver
Command: [54e880c83871d5ea2cbffb3fb457029d, findElement {value=#append, using=css selector}]
Capabilities {acceptInsecureCerts: false, browserName: chrome, browserVersion: 137.0.7151.69, chrome: {chromedriverVersion: 137.0.7151.68 (2989ffee9373..., userDataDir: C:\Users\LAVANY~1.FIN\AppDa...}, fedcm:accounts: true, goog:chromeOptions: {debuggerAddress: localhost:60946}, networkConnectionEnabled: false, pageLoadStrategy: normal, platformName: windows, proxy: Proxy(), se:cdp: ws://localhost:60946/devtoo..., se:cdpVersion: 137.0.7151.69, setWindowRect: true, strictFileInteractability: false, timeouts: {implicit: 0, pageLoad: 300000, script: 30000}, unhandledPromptBehavior: dismiss and notify, webauthn:extension:credBlob: true, webauthn:extension:largeBlob: true, webauthn:extension:minPinLength: true, webauthn:extension:prf: true, webauthn:virtualAuthenticators: true}
Session ID: 54e880c83871d5ea2cbffb3fb457029d
at org.openqa.selenium.remote.ErrorCodec.decode(ErrorCodec.java:167)
at org.openqa.selenium.remote.codec.w3c.W3CHttpResponseCodec.decode(W3CHttpResponseCodec.java:138)
at org.openqa.selenium.remote.codec.w3c.W3CHttpResponseCodec.decode(W3CHttpResponseCodec.java:50)
at org.openqa.selenium.remote.HttpCommandExecutor.execute(HttpCommandExecutor.java:190)
at org.openqa.selenium.remote.service.DriverCommandExecutor.invokeExecute(DriverCommandExecutor.java:216)
at org.openqa.selenium.remote.service.DriverCommandExecutor.execute(DriverCommandExecutor.java:174)
at org.openqa.selenium.remote.RemoteWebDriver.execute(RemoteWebDriver.java:519)
at org.openqa.selenium.remote.ElementLocation$ElementFinder$2.findElement(ElementLocation.java:165)
at org.openqa.selenium.remote.ElementLocation.findElement(ElementLocation.java:59)
at org.openqa.selenium.remote.RemoteWebDriver.findElement(RemoteWebDriver.java:356)
at org.openqa.selenium.remote.RemoteWebDriver.findElement(RemoteWebDriver.java:350)
at docuexec.EnduserAllModules.PendingAction.enterCurrentPage(PendingAction.java:688)
at docuexec.EnduserAllModules.PendingAction.E_Finish_PendingActionOnCurrentPage(PendingAction.java:154)
at java.base/java.util.ArrayList.forEach(ArrayList.java:1511)
... Removed 32 stack frames]]>
    </failure>
  </testcase> <!-- E_Finish_PendingActionOnCurrentPage -->
  <testcase classname="docuexec.EnduserAllModules.PendingAction" name="O_Discard_PendingActionOnCurrentPage" time="0.0">
    <ignored/>
  </testcase> <!-- O_Discard_PendingActionOnCurrentPage -->
  <testcase classname="docuexec.EnduserAllModules.PendingAction" name="DSC_Finish_PendingActionOnAllPages" time="0.0">
    <ignored/>
  </testcase> <!-- DSC_Finish_PendingActionOnAllPages -->
  <testcase classname="docuexec.EnduserAllModules.PendingAction" name="DSC_Finish_PendingActionOnCustomPages" time="0.0">
    <ignored/>
  </testcase> <!-- DSC_Finish_PendingActionOnCustomPages -->
  <testcase classname="docuexec.EnduserAllModules.PendingAction" name="O_DSA_PendingActionOnCustomPages" time="0.0">
    <ignored/>
  </testcase> <!-- O_DSA_PendingActionOnCustomPages -->
  <testcase classname="docuexec.EnduserAllModules.PendingAction" name="FinishPendingAction" time="0.0">
    <ignored/>
  </testcase> <!-- FinishPendingAction -->
  <testcase classname="docuexec.EnduserAllModules.PendingAction" name="O_Finish_PendingActionOnCustomPages" time="0.0">
    <ignored/>
  </testcase> <!-- O_Finish_PendingActionOnCustomPages -->
  <testcase classname="docuexec.EnduserAllModules.PendingAction" name="E_Discard_PendingActionOnCurrentPage" time="0.0">
    <ignored/>
  </testcase> <!-- E_Discard_PendingActionOnCurrentPage -->
  <testcase classname="docuexec.EnduserAllModules.PendingAction" name="Finish" time="0.0">
    <ignored/>
  </testcase> <!-- Finish -->
  <testcase classname="docuexec.EnduserAllModules.PendingAction" name="DSC_Discard_PendingActionOnCustomPages" time="0.0">
    <ignored/>
  </testcase> <!-- DSC_Discard_PendingActionOnCustomPages -->
  <testcase classname="docuexec.EnduserAllModules.PendingAction" name="E_Discard_PendingActionOnAllPages" time="0.0">
    <ignored/>
  </testcase> <!-- E_Discard_PendingActionOnAllPages -->
  <testcase classname="docuexec.EnduserAllModules.PendingAction" name="DSC_Finish_PendingActionOnCurrentPage" time="0.0">
    <ignored/>
  </testcase> <!-- DSC_Finish_PendingActionOnCurrentPage -->
  <testcase classname="docuexec.EnduserAllModules.PendingAction" name="O_Finish_PendingActionOnAllPages" time="0.0">
    <ignored/>
  </testcase> <!-- O_Finish_PendingActionOnAllPages -->
  <testcase classname="docuexec.EnduserAllModules.PendingAction" name="E_DSA_PendingActionOnCustomPages" time="0.0">
    <ignored/>
  </testcase> <!-- E_DSA_PendingActionOnCustomPages -->
  <testcase classname="docuexec.EnduserAllModules.PendingAction" name="DSC_Discard_PendingActionOnAllPages" time="0.0">
    <ignored/>
  </testcase> <!-- DSC_Discard_PendingActionOnAllPages -->
  <testcase classname="docuexec.EnduserAllModules.PendingAction" name="E_Finish_PendingActionOnAllPages" time="0.0">
    <ignored/>
  </testcase> <!-- E_Finish_PendingActionOnAllPages -->
  <testcase classname="docuexec.EnduserAllModules.PendingAction" name="DiscardPendingAction" time="0.0">
    <ignored/>
  </testcase> <!-- DiscardPendingAction -->
  <testcase classname="docuexec.EnduserAllModules.PendingAction" name="DSC_Discard_PendingActionOnCurrentPage" time="0.0">
    <ignored/>
  </testcase> <!-- DSC_Discard_PendingActionOnCurrentPage -->
  <testcase classname="docuexec.EnduserAllModules.PendingAction" name="O_Discard_PendingActionOnAllPages" time="0.0">
    <ignored/>
  </testcase> <!-- O_Discard_PendingActionOnAllPages -->
  <testcase classname="docuexec.EnduserAllModules.PendingAction" name="O_DSA_PendingActionOnAllPages" time="0.0">
    <ignored/>
  </testcase> <!-- O_DSA_PendingActionOnAllPages -->
  <testcase classname="docuexec.EnduserAllModules.Baseclass" name="testLogin" time="0.0">
    <ignored/>
  </testcase> <!-- testLogin -->
  <testcase classname="docuexec.EnduserAllModules.Baseclass" name="testLogout" time="0.0">
    <ignored/>
  </testcase> <!-- testLogout -->
  <testcase classname="docuexec.EnduserAllModules.PendingAction" name="E_Finish_PendingActionOnCustomPages" time="0.0">
    <ignored/>
  </testcase> <!-- E_Finish_PendingActionOnCustomPages -->
  <testcase classname="docuexec.EnduserAllModules.PendingAction" name="Discard" time="0.0">
    <ignored/>
  </testcase> <!-- Discard -->
  <testcase classname="docuexec.EnduserAllModules.PendingAction" name="E_DSA_PendingActionOnCurrentPage" time="0.0">
    <ignored/>
  </testcase> <!-- E_DSA_PendingActionOnCurrentPage -->
  <testcase classname="docuexec.EnduserAllModules.PendingAction" name="DSC_DSA_PendingActionOnCurrentPage" time="0.0">
    <ignored/>
  </testcase> <!-- DSC_DSA_PendingActionOnCurrentPage -->
  <testcase classname="docuexec.EnduserAllModules.PendingAction" name="DiscardAndSignPendingAction" time="0.0">
    <ignored/>
  </testcase> <!-- DiscardAndSignPendingAction -->
  <testcase classname="docuexec.EnduserAllModules.PendingAction" name="DSC_DSA_PendingActionOnCustomPages" time="0.0">
    <ignored/>
  </testcase> <!-- DSC_DSA_PendingActionOnCustomPages -->
  <testcase classname="docuexec.EnduserAllModules.PendingAction" name="performOtpSigning" time="0.0">
    <ignored/>
  </testcase> <!-- performOtpSigning -->
  <testcase classname="docuexec.EnduserAllModules.PendingAction" name="E_Discard_PendingActionOnCustomPages" time="0.0">
    <ignored/>
  </testcase> <!-- E_Discard_PendingActionOnCustomPages -->
  <testcase classname="docuexec.EnduserAllModules.PendingAction" name="O_Finish_PendingActionOnCurrentPage" time="0.0">
    <ignored/>
  </testcase> <!-- O_Finish_PendingActionOnCurrentPage -->
  <testcase classname="docuexec.EnduserAllModules.PendingAction" name="DSC_DSA_PendingActionOnAllPages" time="0.0">
    <ignored/>
  </testcase> <!-- DSC_DSA_PendingActionOnAllPages -->
  <testcase classname="docuexec.EnduserAllModules.PendingAction" name="E_DSA_PendingActionOnAllPages" time="0.0">
    <ignored/>
  </testcase> <!-- E_DSA_PendingActionOnAllPages -->
  <testcase classname="docuexec.EnduserAllModules.PendingAction" name="O_DSA_PendingActionOnCurrentPage" time="0.0">
    <ignored/>
  </testcase> <!-- O_DSA_PendingActionOnCurrentPage -->
  <testcase classname="docuexec.EnduserAllModules.PendingAction" name="O_Discard_PendingActionOnCustomPages" time="0.0">
    <ignored/>
  </testcase> <!-- O_Discard_PendingActionOnCustomPages -->
</testsuite> <!-- E_Finish_CurrentPage -->
