<?xml version="1.0" encoding="UTF-8"?>
<!-- Generated by org.testng.reporters.JUnitXMLReporter -->
<testsuite ignored="40" hostname="LAVANYAB-PC" failures="1" tests="1" name="Test_ElectronicDiscard_EcustomDAS" time="65.196" errors="0" timestamp="2025-06-06T17:28:32 IST">
  <testcase classname="docuexec.EnduserAllModules.SignByme_AllModesSigning" name="EcustomDAS" time="61.27">
    <failure type="org.openqa.selenium.NoSuchWindowException" message="no such window: target window already closed
from unknown error: web view not found
  (Session info: chrome=137.0.7151.56)
Build info: version: &amp;apos;4.18.1&amp;apos;, revision: &amp;apos;b1d3319b48&amp;apos;
System info: os.name: &amp;apos;Windows 11&amp;apos;, os.arch: &amp;apos;amd64&amp;apos;, os.version: &amp;apos;10.0&amp;apos;, java.version: &amp;apos;17.0.9&amp;apos;
Driver info: org.openqa.selenium.chrome.ChromeDriver
Command: [5a19d4de9f1eddbb3f53df231c257d96, findElement {using=xpath, value=(//button[text()=&amp;apos;All pages&amp;apos;]/following-sibling::button)[2]}]
Capabilities {acceptInsecureCerts: false, browserName: chrome, browserVersion: 137.0.7151.56, chrome: {chromedriverVersion: 137.0.7151.68 (2989ffee9373..., userDataDir: C:\Users\LAVANY~1.FIN\AppDa...}, fedcm:accounts: true, goog:chromeOptions: {debuggerAddress: localhost:55927}, networkConnectionEnabled: false, pageLoadStrategy: normal, platformName: windows, proxy: Proxy(), se:cdp: ws://localhost:55927/devtoo..., se:cdpVersion: 137.0.7151.56, setWindowRect: true, strictFileInteractability: false, timeouts: {implicit: 0, pageLoad: 300000, script: 30000}, unhandledPromptBehavior: dismiss and notify, webauthn:extension:credBlob: true, webauthn:extension:largeBlob: true, webauthn:extension:minPinLength: true, webauthn:extension:prf: true, webauthn:virtualAuthenticators: true}
Session ID: 5a19d4de9f1eddbb3f53df231c257d96">
      <![CDATA[org.openqa.selenium.NoSuchWindowException: no such window: target window already closed
from unknown error: web view not found
  (Session info: chrome=137.0.7151.56)
Build info: version: '4.18.1', revision: 'b1d3319b48'
System info: os.name: 'Windows 11', os.arch: 'amd64', os.version: '10.0', java.version: '17.0.9'
Driver info: org.openqa.selenium.chrome.ChromeDriver
Command: [5a19d4de9f1eddbb3f53df231c257d96, findElement {using=xpath, value=(//button[text()='All pages']/following-sibling::button)[2]}]
Capabilities {acceptInsecureCerts: false, browserName: chrome, browserVersion: 137.0.7151.56, chrome: {chromedriverVersion: 137.0.7151.68 (2989ffee9373..., userDataDir: C:\Users\LAVANY~1.FIN\AppDa...}, fedcm:accounts: true, goog:chromeOptions: {debuggerAddress: localhost:55927}, networkConnectionEnabled: false, pageLoadStrategy: normal, platformName: windows, proxy: Proxy(), se:cdp: ws://localhost:55927/devtoo..., se:cdpVersion: 137.0.7151.56, setWindowRect: true, strictFileInteractability: false, timeouts: {implicit: 0, pageLoad: 300000, script: 30000}, unhandledPromptBehavior: dismiss and notify, webauthn:extension:credBlob: true, webauthn:extension:largeBlob: true, webauthn:extension:minPinLength: true, webauthn:extension:prf: true, webauthn:virtualAuthenticators: true}
Session ID: 5a19d4de9f1eddbb3f53df231c257d96
at org.openqa.selenium.remote.ErrorCodec.decode(ErrorCodec.java:167)
at org.openqa.selenium.remote.codec.w3c.W3CHttpResponseCodec.decode(W3CHttpResponseCodec.java:138)
at org.openqa.selenium.remote.codec.w3c.W3CHttpResponseCodec.decode(W3CHttpResponseCodec.java:50)
at org.openqa.selenium.remote.HttpCommandExecutor.execute(HttpCommandExecutor.java:190)
at org.openqa.selenium.remote.service.DriverCommandExecutor.invokeExecute(DriverCommandExecutor.java:216)
at org.openqa.selenium.remote.service.DriverCommandExecutor.execute(DriverCommandExecutor.java:174)
at org.openqa.selenium.remote.RemoteWebDriver.execute(RemoteWebDriver.java:519)
at org.openqa.selenium.remote.ElementLocation$ElementFinder$2.findElement(ElementLocation.java:165)
at org.openqa.selenium.remote.ElementLocation.findElement(ElementLocation.java:59)
at org.openqa.selenium.remote.RemoteWebDriver.findElement(RemoteWebDriver.java:356)
at org.openqa.selenium.remote.RemoteWebDriver.findElement(RemoteWebDriver.java:350)
at docuexec.EnduserAllModules.SignByme_AllModesSigning.enterCustomPages(SignByme_AllModesSigning.java:690)
at docuexec.EnduserAllModules.SignByme_AllModesSigning.EcustomDAS(SignByme_AllModesSigning.java:174)
at java.base/java.util.ArrayList.forEach(ArrayList.java:1511)
... Removed 31 stack frames]]>
    </failure>
  </testcase> <!-- EcustomDAS -->
  <testcase classname="docuexec.EnduserAllModules.SignByme_AllModesSigning" name="Ecurrentdiscard" time="0.0">
    <ignored/>
  </testcase> <!-- Ecurrentdiscard -->
  <testcase classname="docuexec.EnduserAllModules.SignByme_AllModesSigning" name="ATestcustomPage" time="0.0">
    <ignored/>
  </testcase> <!-- ATestcustomPage -->
  <testcase classname="docuexec.EnduserAllModules.SignByme_AllModesSigning" name="Acustomdiscard" time="0.0">
    <ignored/>
  </testcase> <!-- Acustomdiscard -->
  <testcase classname="docuexec.EnduserAllModules.SignByme_AllModesSigning" name="OTestcurrentPage" time="0.0">
    <ignored/>
  </testcase> <!-- OTestcurrentPage -->
  <testcase classname="docuexec.EnduserAllModules.Baseclass" name="testLogin" time="0.0">
    <ignored/>
  </testcase> <!-- testLogin -->
  <testcase classname="docuexec.EnduserAllModules.SignByme_AllModesSigning" name="DSCcustomdiscard" time="0.0">
    <ignored/>
  </testcase> <!-- DSCcustomdiscard -->
  <testcase classname="docuexec.EnduserAllModules.SignByme_AllModesSigning" name="DSTestAllPage" time="0.0">
    <ignored/>
  </testcase> <!-- DSTestAllPage -->
  <testcase classname="docuexec.EnduserAllModules.SignByme_AllModesSigning" name="Finish" time="0.0">
    <ignored/>
  </testcase> <!-- Finish -->
  <testcase classname="docuexec.EnduserAllModules.SignByme_AllModesSigning" name="EallDAS" time="0.0">
    <ignored/>
  </testcase> <!-- EallDAS -->
  <testcase classname="docuexec.EnduserAllModules.SignByme_AllModesSigning" name="Ocurrentdiscard" time="0.0">
    <ignored/>
  </testcase> <!-- Ocurrentdiscard -->
  <testcase classname="docuexec.EnduserAllModules.SignByme_AllModesSigning" name="Ocustomdiscard" time="0.0">
    <ignored/>
  </testcase> <!-- Ocustomdiscard -->
  <testcase classname="docuexec.EnduserAllModules.SignByme_AllModesSigning" name="OcurrentDAS" time="0.0">
    <ignored/>
  </testcase> <!-- OcurrentDAS -->
  <testcase classname="docuexec.EnduserAllModules.SignByme_AllModesSigning" name="OTestcustomPage" time="0.0">
    <ignored/>
  </testcase> <!-- OTestcustomPage -->
  <testcase classname="docuexec.EnduserAllModules.SignByme_AllModesSigning" name="AcurrentDAS" time="0.0">
    <ignored/>
  </testcase> <!-- AcurrentDAS -->
  <testcase classname="docuexec.EnduserAllModules.SignByme_AllModesSigning" name="ETestcurrentPage" time="0.0">
    <ignored/>
  </testcase> <!-- ETestcurrentPage -->
  <testcase classname="docuexec.EnduserAllModules.SignByme_AllModesSigning" name="performOtpSigning" time="0.0">
    <ignored/>
  </testcase> <!-- performOtpSigning -->
  <testcase classname="docuexec.EnduserAllModules.SignByme_AllModesSigning" name="ETestAllPage" time="0.0">
    <ignored/>
  </testcase> <!-- ETestAllPage -->
  <testcase classname="docuexec.EnduserAllModules.SignByme_AllModesSigning" name="Discard" time="0.0">
    <ignored/>
  </testcase> <!-- Discard -->
  <testcase classname="docuexec.EnduserAllModules.Baseclass" name="testLogout" time="0.0">
    <ignored/>
  </testcase> <!-- testLogout -->
  <testcase classname="docuexec.EnduserAllModules.SignByme_AllModesSigning" name="DSCcustomDAS" time="0.0">
    <ignored/>
  </testcase> <!-- DSCcustomDAS -->
  <testcase classname="docuexec.EnduserAllModules.SignByme_AllModesSigning" name="DSAlldiscard" time="0.0">
    <ignored/>
  </testcase> <!-- DSAlldiscard -->
  <testcase classname="docuexec.EnduserAllModules.SignByme_AllModesSigning" name="Ecustomdiscard" time="0.0">
    <ignored/>
  </testcase> <!-- Ecustomdiscard -->
  <testcase classname="docuexec.EnduserAllModules.SignByme_AllModesSigning" name="OTestAllPage" time="0.0">
    <ignored/>
  </testcase> <!-- OTestAllPage -->
  <testcase classname="docuexec.EnduserAllModules.SignByme_AllModesSigning" name="ATestAllPage" time="0.0">
    <ignored/>
  </testcase> <!-- ATestAllPage -->
  <testcase classname="docuexec.EnduserAllModules.SignByme_AllModesSigning" name="ETestcustomPage" time="0.0">
    <ignored/>
  </testcase> <!-- ETestcustomPage -->
  <testcase classname="docuexec.EnduserAllModules.SignByme_AllModesSigning" name="OcustomDAS" time="0.0">
    <ignored/>
  </testcase> <!-- OcustomDAS -->
  <testcase classname="docuexec.EnduserAllModules.SignByme_AllModesSigning" name="EcurentDAS" time="0.0">
    <ignored/>
  </testcase> <!-- EcurentDAS -->
  <testcase classname="docuexec.EnduserAllModules.SignByme_AllModesSigning" name="AcustomDAS" time="0.0">
    <ignored/>
  </testcase> <!-- AcustomDAS -->
  <testcase classname="docuexec.EnduserAllModules.SignByme_AllModesSigning" name="ATestcurrentPage" time="0.0">
    <ignored/>
  </testcase> <!-- ATestcurrentPage -->
  <testcase classname="docuexec.EnduserAllModules.SignByme_AllModesSigning" name="DSallDAS" time="0.0">
    <ignored/>
  </testcase> <!-- DSallDAS -->
  <testcase classname="docuexec.EnduserAllModules.SignByme_AllModesSigning" name="DSTestcurrentPage" time="0.0">
    <ignored/>
  </testcase> <!-- DSTestcurrentPage -->
  <testcase classname="docuexec.EnduserAllModules.SignByme_AllModesSigning" name="OAlldiscard" time="0.0">
    <ignored/>
  </testcase> <!-- OAlldiscard -->
  <testcase classname="docuexec.EnduserAllModules.SignByme_AllModesSigning" name="OallDAS" time="0.0">
    <ignored/>
  </testcase> <!-- OallDAS -->
  <testcase classname="docuexec.EnduserAllModules.SignByme_AllModesSigning" name="DScurrentDAS" time="0.0">
    <ignored/>
  </testcase> <!-- DScurrentDAS -->
  <testcase classname="docuexec.EnduserAllModules.SignByme_AllModesSigning" name="Acurrentdiscard" time="0.0">
    <ignored/>
  </testcase> <!-- Acurrentdiscard -->
  <testcase classname="docuexec.EnduserAllModules.SignByme_AllModesSigning" name="DSTestcustomPage" time="0.0">
    <ignored/>
  </testcase> <!-- DSTestcustomPage -->
  <testcase classname="docuexec.EnduserAllModules.SignByme_AllModesSigning" name="AallDAS" time="0.0">
    <ignored/>
  </testcase> <!-- AallDAS -->
  <testcase classname="docuexec.EnduserAllModules.SignByme_AllModesSigning" name="EAlldiscard" time="0.0">
    <ignored/>
  </testcase> <!-- EAlldiscard -->
  <testcase classname="docuexec.EnduserAllModules.SignByme_AllModesSigning" name="AAlldiscard" time="0.0">
    <ignored/>
  </testcase> <!-- AAlldiscard -->
  <testcase classname="docuexec.EnduserAllModules.SignByme_AllModesSigning" name="DSCcurrentdiscard" time="0.0">
    <ignored/>
  </testcase> <!-- DSCcurrentdiscard -->
</testsuite> <!-- Test_ElectronicDiscard_EcustomDAS -->
