<!DOCTYPE html>

<html>
  <head>
  <meta charset='utf-8'>
  <title>TestNG reports</title>

    <link type="text/css" href="testng-reports1.css" rel="stylesheet" id="ultra" />
    <link type="text/css" href="testng-reports.css" rel="stylesheet" id="retro" disabled="false"/>
    <script type="text/javascript" src="jquery-3.6.0.min.js"></script>
    <script type="text/javascript" src="testng-reports.js"></script>
    <script type="text/javascript" src="https://www.google.com/jsapi"></script>
    <script type='text/javascript'>
      google.load('visualization', '1', {packages:['table']});
      google.setOnLoadCallback(drawTable);
      var suiteTableInitFunctions = new Array();
      var suiteTableData = new Array();
    </script>
    <!--
      <script type="text/javascript" src="jquery-ui/js/jquery-ui-1.8.16.custom.min.js"></script>
     -->
  </head>

  <body>    <div class="top-banner-root">
      <span class="top-banner-title-font">Test results</span>
      <button id="button" class="button">Switch Retro Theme</button> <!-- button -->
      <br/>
      <span class="top-banner-font-1">1 suite, 4 failed tests</span>
    </div> <!-- top-banner-root -->
    <div class="navigator-root">
      <div class="navigator-suite-header">
        <span>All suites</span>
        <a href="#" title="Collapse/expand all the suites" class="collapse-all-link">
          <img src="collapseall.gif" class="collapse-all-icon">
          </img> <!-- collapse-all-icon -->
        </a> <!-- collapse-all-link -->
      </div> <!-- navigator-suite-header -->
      <div class="suite">
        <div class="rounded-window">
          <div class="suite-header light-rounded-window-top">
            <a href="#" panel-name="suite-BuyVouchersSuite" class="navigator-link">
              <span class="suite-name border-failed">BuyVouchersSuite</span>
            </a> <!-- navigator-link -->
          </div> <!-- suite-header light-rounded-window-top -->
          <div class="navigator-suite-content">
            <div class="suite-section-title">
              <span>Info</span>
            </div> <!-- suite-section-title -->
            <div class="suite-section-content">
              <ul>
                <li>
                  <a href="#" panel-name="test-xml-BuyVouchersSuite" class="navigator-link ">
                    <span>C:\Users\LavanyaB\Documents\workspace-spring-tool-suite-4-4.21.0.RELEASE\Docu_Exec\src\test\resources\Buyvoucher.xml</span>
                  </a> <!-- navigator-link  -->
                </li>
                <li>
                  <a href="#" panel-name="testlist-BuyVouchersSuite" class="navigator-link ">
                    <span class="test-stats">4 tests</span>
                  </a> <!-- navigator-link  -->
                </li>
                <li>
                  <a href="#" panel-name="group-BuyVouchersSuite" class="navigator-link ">
                    <span>0 groups</span>
                  </a> <!-- navigator-link  -->
                </li>
                <li>
                  <a href="#" panel-name="times-BuyVouchersSuite" class="navigator-link ">
                    <span>Times</span>
                  </a> <!-- navigator-link  -->
                </li>
                <li>
                  <a href="#" panel-name="reporter-BuyVouchersSuite" class="navigator-link ">
                    <span>Reporter output</span>
                  </a> <!-- navigator-link  -->
                </li>
                <li>
                  <a href="#" panel-name="ignored-methods-BuyVouchersSuite" class="navigator-link ">
                    <span>Ignored methods</span>
                  </a> <!-- navigator-link  -->
                </li>
                <li>
                  <a href="#" panel-name="chronological-BuyVouchersSuite" class="navigator-link ">
                    <span>Chronological view</span>
                  </a> <!-- navigator-link  -->
                </li>
              </ul>
            </div> <!-- suite-section-content -->
            <div class="result-section">
              <div class="suite-section-title">
                <span>Results</span>
              </div> <!-- suite-section-title -->
              <div class="suite-section-content">
                <ul>
                  <li>
                    <span class="method-stats">4 methods, 4 failed,   </span>
                  </li>
                  <li>
                    <span class="method-list-title failed">Failed methods</span>
                    <span class="show-or-hide-methods failed">
                      <a href="#" panel-name="suite-BuyVouchersSuite" class="hide-methods failed suite-BuyVouchersSuite"> (hide)</a> <!-- hide-methods failed suite-BuyVouchersSuite -->
                      <a href="#" panel-name="suite-BuyVouchersSuite" class="show-methods failed suite-BuyVouchersSuite"> (show)</a> <!-- show-methods failed suite-BuyVouchersSuite -->
                    </span>
                    <div class="method-list-content failed suite-BuyVouchersSuite">
                      <span>
                        <img src="failed.png" width="3%"/>
                        <a href="#" panel-name="suite-BuyVouchersSuite" title="docuexec.EnduserAllModules.BuyVouchers" class="method navigator-link" hash-for-method="Vouchersummary">Vouchersummary</a> <!-- method navigator-link -->
                      </span>
                      <br/>
                      <span>
                        <img src="failed.png" width="3%"/>
                        <a href="#" panel-name="suite-BuyVouchersSuite" title="docuexec.EnduserAllModules.BuyVouchers" class="method navigator-link" hash-for-method="differentVouchers">differentVouchers</a> <!-- method navigator-link -->
                      </span>
                      <br/>
                      <span>
                        <img src="failed.png" width="3%"/>
                        <a href="#" panel-name="suite-BuyVouchersSuite" title="docuexec.EnduserAllModules.BuyVouchers" class="method navigator-link" hash-for-method="newUserVouchersummary">newUserVouchersummary</a> <!-- method navigator-link -->
                      </span>
                      <br/>
                      <span>
                        <img src="failed.png" width="3%"/>
                        <a href="#" panel-name="suite-BuyVouchersSuite" title="docuexec.EnduserAllModules.BuyVouchers" class="method navigator-link" hash-for-method="samevouchers">samevouchers</a> <!-- method navigator-link -->
                      </span>
                      <br/>
                    </div> <!-- method-list-content failed suite-BuyVouchersSuite -->
                  </li>
                </ul>
              </div> <!-- suite-section-content -->
            </div> <!-- result-section -->
          </div> <!-- navigator-suite-content -->
        </div> <!-- rounded-window -->
      </div> <!-- suite -->
    </div> <!-- navigator-root -->
    <div class="wrapper">
      <div class="main-panel-root">
        <div panel-name="suite-BuyVouchersSuite" class="panel BuyVouchersSuite">
          <div class="suite-BuyVouchersSuite-class-failed">
            <div class="main-panel-header rounded-window-top">
              <img src="failed.png"/>
              <span class="class-name">docuexec.EnduserAllModules.BuyVouchers</span>
            </div> <!-- main-panel-header rounded-window-top -->
            <div class="main-panel-content rounded-window-bottom">
              <div class="method">
                <div class="method-content">
                  <a name="Vouchersummary">
                  </a> <!-- Vouchersummary -->
                  <span class="method-name">Vouchersummary</span>
                  <div class="stack-trace">org.openqa.selenium.TimeoutException: java.util.concurrent.TimeoutException
Build info: version: &apos;4.18.1&apos;, revision: &apos;b1d3319b48&apos;
System info: os.name: &apos;Windows 11&apos;, os.arch: &apos;amd64&apos;, os.version: &apos;10.0&apos;, java.version: &apos;17.0.9&apos;
Driver info: org.openqa.selenium.chrome.ChromeDriver
Command: [21a95b01511aeff991625662d3acbaab, clickElement {id=f.E673646787BCEE8E31FA426679F347EF.d.397BE352C2BA91F4FEA449B0BF345455.e.89}]
Capabilities {acceptInsecureCerts: false, browserName: chrome, browserVersion: 137.0.7151.69, chrome: {chromedriverVersion: 137.0.7151.68 (2989ffee9373..., userDataDir: C:\Users\LAVANY~1.FIN\AppDa...}, fedcm:accounts: true, goog:chromeOptions: {debuggerAddress: localhost:63975}, networkConnectionEnabled: false, pageLoadStrategy: normal, platformName: windows, proxy: Proxy(), se:cdp: ws://localhost:63975/devtoo..., se:cdpVersion: 137.0.7151.69, setWindowRect: true, strictFileInteractability: false, timeouts: {implicit: 0, pageLoad: 300000, script: 30000}, unhandledPromptBehavior: dismiss and notify, webauthn:extension:credBlob: true, webauthn:extension:largeBlob: true, webauthn:extension:minPinLength: true, webauthn:extension:prf: true, webauthn:virtualAuthenticators: true}
Element: [[ChromeDriver: chrome on windows (21a95b01511aeff991625662d3acbaab)] -&gt; xpath: (//div[@class=&apos;sidebar-item&apos;]//div)[1]]
Session ID: 21a95b01511aeff991625662d3acbaab
	at org.openqa.selenium.remote.http.jdk.JdkHttpClient.execute0(JdkHttpClient.java:403)
	at org.openqa.selenium.remote.http.AddSeleniumUserAgent.lambda$apply$0(AddSeleniumUserAgent.java:42)
	at org.openqa.selenium.remote.http.Filter.lambda$andFinally$1(Filter.java:55)
	at org.openqa.selenium.remote.http.jdk.JdkHttpClient.execute(JdkHttpClient.java:359)
	at org.openqa.selenium.remote.HttpCommandExecutor.execute(HttpCommandExecutor.java:187)
	at org.openqa.selenium.remote.service.DriverCommandExecutor.invokeExecute(DriverCommandExecutor.java:216)
	at org.openqa.selenium.remote.service.DriverCommandExecutor.execute(DriverCommandExecutor.java:174)
	at org.openqa.selenium.remote.RemoteWebDriver.execute(RemoteWebDriver.java:519)
	at org.openqa.selenium.remote.RemoteWebElement.execute(RemoteWebElement.java:223)
	at org.openqa.selenium.remote.RemoteWebElement.click(RemoteWebElement.java:76)
	at docuexec.EnduserAllModules.BuyVouchers.topUp(BuyVouchers.java:84)
	at docuexec.EnduserAllModules.BuyVouchers.Vouchersummary(BuyVouchers.java:212)
	at java.base/java.util.ArrayList.forEach(ArrayList.java:1511)
Caused by: java.util.concurrent.TimeoutException
	at java.base/java.util.concurrent.CompletableFuture.timedGet(CompletableFuture.java:1960)
	at java.base/java.util.concurrent.CompletableFuture.get(CompletableFuture.java:2095)
	at org.openqa.selenium.remote.http.jdk.JdkHttpClient.execute0(JdkHttpClient.java:386)
	... 39 more
... Removed 27 stack frames
</div> <!-- stack-trace -->
                </div> <!-- method-content -->
              </div> <!-- method -->
              <div class="method">
                <div class="method-content">
                  <a name="differentVouchers">
                  </a> <!-- differentVouchers -->
                  <span class="method-name">differentVouchers</span>
                  <div class="stack-trace">org.openqa.selenium.TimeoutException: Expected condition failed: waiting for element to be clickable: By.xpath: /html/body/div[2]/div (tried for 10 second(s) with 500 milliseconds interval)
Build info: version: &apos;4.18.1&apos;, revision: &apos;b1d3319b48&apos;
System info: os.name: &apos;Windows 11&apos;, os.arch: &apos;amd64&apos;, os.version: &apos;10.0&apos;, java.version: &apos;17.0.9&apos;
Driver info: org.openqa.selenium.chrome.ChromeDriver
Capabilities {acceptInsecureCerts: false, browserName: chrome, browserVersion: 137.0.7151.69, chrome: {chromedriverVersion: 137.0.7151.68 (2989ffee9373..., userDataDir: C:\Users\LAVANY~1.FIN\AppDa...}, fedcm:accounts: true, goog:chromeOptions: {debuggerAddress: localhost:63881}, networkConnectionEnabled: false, pageLoadStrategy: normal, platformName: windows, proxy: Proxy(), se:cdp: ws://localhost:63881/devtoo..., se:cdpVersion: 137.0.7151.69, setWindowRect: true, strictFileInteractability: false, timeouts: {implicit: 0, pageLoad: 300000, script: 30000}, unhandledPromptBehavior: dismiss and notify, webauthn:extension:credBlob: true, webauthn:extension:largeBlob: true, webauthn:extension:minPinLength: true, webauthn:extension:prf: true, webauthn:virtualAuthenticators: true}
Session ID: 78d2200be735992a74e4260bbcd994c9
	at org.openqa.selenium.support.ui.WebDriverWait.timeoutException(WebDriverWait.java:84)
	at org.openqa.selenium.support.ui.FluentWait.until(FluentWait.java:228)
	at docuexec.EnduserAllModules.BuyVouchers.differentVouchers(BuyVouchers.java:143)
	at java.base/java.util.ArrayList.forEach(ArrayList.java:1511)
... Removed 27 stack frames
</div> <!-- stack-trace -->
                </div> <!-- method-content -->
              </div> <!-- method -->
              <div class="method">
                <div class="method-content">
                  <a name="newUserVouchersummary">
                  </a> <!-- newUserVouchersummary -->
                  <span class="method-name">newUserVouchersummary</span>
                  <div class="stack-trace">org.openqa.selenium.TimeoutException: java.net.http.HttpTimeoutException: request timed out
Build info: version: &apos;4.18.1&apos;, revision: &apos;b1d3319b48&apos;
System info: os.name: &apos;Windows 11&apos;, os.arch: &apos;amd64&apos;, os.version: &apos;10.0&apos;, java.version: &apos;17.0.9&apos;
Driver info: org.openqa.selenium.chrome.ChromeDriver
Command: [583289bdda75ac2648f38b63a6633910, clickElement {id=f.4155E0ABADB16CA1E68542E399967F86.d.FE517162384CD61E5500AD40269C19EA.e.91}]
Capabilities {acceptInsecureCerts: false, browserName: chrome, browserVersion: 137.0.7151.69, chrome: {chromedriverVersion: 137.0.7151.68 (2989ffee9373..., userDataDir: C:\Users\LAVANY~1.FIN\AppDa...}, fedcm:accounts: true, goog:chromeOptions: {debuggerAddress: localhost:64358}, networkConnectionEnabled: false, pageLoadStrategy: normal, platformName: windows, proxy: Proxy(), se:cdp: ws://localhost:64358/devtoo..., se:cdpVersion: 137.0.7151.69, setWindowRect: true, strictFileInteractability: false, timeouts: {implicit: 0, pageLoad: 300000, script: 30000}, unhandledPromptBehavior: dismiss and notify, webauthn:extension:credBlob: true, webauthn:extension:largeBlob: true, webauthn:extension:minPinLength: true, webauthn:extension:prf: true, webauthn:virtualAuthenticators: true}
Element: [[ChromeDriver: chrome on windows (583289bdda75ac2648f38b63a6633910)] -&gt; xpath: //span[normalize-space(text())=&apos;OK&apos;]]
Session ID: 583289bdda75ac2648f38b63a6633910
	at org.openqa.selenium.remote.http.jdk.JdkHttpClient.execute0(JdkHttpClient.java:393)
	at org.openqa.selenium.remote.http.AddSeleniumUserAgent.lambda$apply$0(AddSeleniumUserAgent.java:42)
	at org.openqa.selenium.remote.http.Filter.lambda$andFinally$1(Filter.java:55)
	at org.openqa.selenium.remote.http.jdk.JdkHttpClient.execute(JdkHttpClient.java:359)
	at org.openqa.selenium.remote.HttpCommandExecutor.execute(HttpCommandExecutor.java:187)
	at org.openqa.selenium.remote.service.DriverCommandExecutor.invokeExecute(DriverCommandExecutor.java:216)
	at org.openqa.selenium.remote.service.DriverCommandExecutor.execute(DriverCommandExecutor.java:174)
	at org.openqa.selenium.remote.RemoteWebDriver.execute(RemoteWebDriver.java:519)
	at org.openqa.selenium.remote.RemoteWebElement.execute(RemoteWebElement.java:223)
	at org.openqa.selenium.remote.RemoteWebElement.click(RemoteWebElement.java:76)
	at docuexec.EnduserAllModules.BuyVouchers.newUserVouchersummary(BuyVouchers.java:292)
	at java.base/java.util.ArrayList.forEach(ArrayList.java:1511)
Caused by: java.net.http.HttpTimeoutException: request timed out
	at java.net.http/jdk.internal.net.http.ResponseTimerEvent.handle(ResponseTimerEvent.java:63)
	at java.net.http/jdk.internal.net.http.HttpClientImpl.purgeTimeoutsAndReturnNextDeadline(HttpClientImpl.java:1270)
	at java.net.http/jdk.internal.net.http.HttpClientImpl$SelectorManager.run(HttpClientImpl.java:899)
... Removed 27 stack frames
</div> <!-- stack-trace -->
                </div> <!-- method-content -->
              </div> <!-- method -->
              <div class="method">
                <div class="method-content">
                  <a name="samevouchers">
                  </a> <!-- samevouchers -->
                  <span class="method-name">samevouchers</span>
                  <div class="stack-trace">org.openqa.selenium.NoSuchElementException: no such element: Unable to locate element: {&quot;method&quot;:&quot;xpath&quot;,&quot;selector&quot;:&quot;(//div[@class=&apos;getVoucher__sub&apos;]//button)[1]&quot;}
  (Session info: chrome=137.0.7151.69)
For documentation on this error, please visit: https://www.selenium.dev/documentation/webdriver/troubleshooting/errors#no-such-element-exception
Build info: version: &apos;4.18.1&apos;, revision: &apos;b1d3319b48&apos;
System info: os.name: &apos;Windows 11&apos;, os.arch: &apos;amd64&apos;, os.version: &apos;10.0&apos;, java.version: &apos;17.0.9&apos;
Driver info: org.openqa.selenium.chrome.ChromeDriver
Command: [ba6286825713f37b95fe8041d3e3fcdd, findElement {value=(//div[@class=&apos;getVoucher__sub&apos;]//button)[1], using=xpath}]
Capabilities {acceptInsecureCerts: false, browserName: chrome, browserVersion: 137.0.7151.69, chrome: {chromedriverVersion: 137.0.7151.68 (2989ffee9373..., userDataDir: C:\Users\LAVANY~1.FIN\AppDa...}, fedcm:accounts: true, goog:chromeOptions: {debuggerAddress: localhost:63799}, networkConnectionEnabled: false, pageLoadStrategy: normal, platformName: windows, proxy: Proxy(), se:cdp: ws://localhost:63799/devtoo..., se:cdpVersion: 137.0.7151.69, setWindowRect: true, strictFileInteractability: false, timeouts: {implicit: 0, pageLoad: 300000, script: 30000}, unhandledPromptBehavior: dismiss and notify, webauthn:extension:credBlob: true, webauthn:extension:largeBlob: true, webauthn:extension:minPinLength: true, webauthn:extension:prf: true, webauthn:virtualAuthenticators: true}
Session ID: ba6286825713f37b95fe8041d3e3fcdd
	at org.openqa.selenium.remote.ErrorCodec.decode(ErrorCodec.java:167)
	at org.openqa.selenium.remote.codec.w3c.W3CHttpResponseCodec.decode(W3CHttpResponseCodec.java:138)
	at org.openqa.selenium.remote.codec.w3c.W3CHttpResponseCodec.decode(W3CHttpResponseCodec.java:50)
	at org.openqa.selenium.remote.HttpCommandExecutor.execute(HttpCommandExecutor.java:190)
	at org.openqa.selenium.remote.service.DriverCommandExecutor.invokeExecute(DriverCommandExecutor.java:216)
	at org.openqa.selenium.remote.service.DriverCommandExecutor.execute(DriverCommandExecutor.java:174)
	at org.openqa.selenium.remote.RemoteWebDriver.execute(RemoteWebDriver.java:519)
	at org.openqa.selenium.remote.ElementLocation$ElementFinder$2.findElement(ElementLocation.java:165)
	at org.openqa.selenium.remote.ElementLocation.findElement(ElementLocation.java:59)
	at org.openqa.selenium.remote.RemoteWebDriver.findElement(RemoteWebDriver.java:356)
	at org.openqa.selenium.remote.RemoteWebDriver.findElement(RemoteWebDriver.java:350)
	at docuexec.EnduserAllModules.BuyVouchers.samevouchers(BuyVouchers.java:39)
	at java.base/java.util.ArrayList.forEach(ArrayList.java:1511)
... Removed 32 stack frames
</div> <!-- stack-trace -->
                </div> <!-- method-content -->
              </div> <!-- method -->
            </div> <!-- main-panel-content rounded-window-bottom -->
          </div> <!-- suite-BuyVouchersSuite-class-failed -->
        </div> <!-- panel BuyVouchersSuite -->
        <div panel-name="test-xml-BuyVouchersSuite" class="panel">
          <div class="main-panel-header rounded-window-top">
            <span class="header-content">C:\Users\LavanyaB\Documents\workspace-spring-tool-suite-4-4.21.0.RELEASE\Docu_Exec\src\test\resources\Buyvoucher.xml</span>
          </div> <!-- main-panel-header rounded-window-top -->
          <div class="main-panel-content rounded-window-bottom">
            <pre>
&lt;?xml version=&quot;1.0&quot; encoding=&quot;UTF-8&quot;?&gt;
&lt;!DOCTYPE suite SYSTEM &quot;https://testng.org/testng-1.0.dtd&quot;&gt;
&lt;suite name=&quot;BuyVouchersSuite&quot; guice-stage=&quot;DEVELOPMENT&quot;&gt;
  &lt;test thread-count=&quot;5&quot; name=&quot;BuyVoucherTest&quot;&gt;
    &lt;classes&gt;
      &lt;class name=&quot;docuexec.EnduserAllModules.BuyVouchers&quot;&gt;
        &lt;methods&gt;
          &lt;include name=&quot;samevouchers&quot;/&gt;
        &lt;/methods&gt;
      &lt;/class&gt; &lt;!-- docuexec.EnduserAllModules.BuyVouchers --&gt;
    &lt;/classes&gt;
  &lt;/test&gt; &lt;!-- BuyVoucherTest --&gt;
  &lt;test thread-count=&quot;5&quot; name=&quot;DifferentVoucherTest&quot;&gt;
    &lt;classes&gt;
      &lt;class name=&quot;docuexec.EnduserAllModules.BuyVouchers&quot;&gt;
        &lt;methods&gt;
          &lt;include name=&quot;differentVouchers&quot;/&gt;
        &lt;/methods&gt;
      &lt;/class&gt; &lt;!-- docuexec.EnduserAllModules.BuyVouchers --&gt;
    &lt;/classes&gt;
  &lt;/test&gt; &lt;!-- DifferentVoucherTest --&gt;
  &lt;test thread-count=&quot;5&quot; name=&quot;VoucherSummaryTest&quot;&gt;
    &lt;classes&gt;
      &lt;class name=&quot;docuexec.EnduserAllModules.BuyVouchers&quot;&gt;
        &lt;methods&gt;
          &lt;include name=&quot;Vouchersummary&quot;/&gt;
        &lt;/methods&gt;
      &lt;/class&gt; &lt;!-- docuexec.EnduserAllModules.BuyVouchers --&gt;
    &lt;/classes&gt;
  &lt;/test&gt; &lt;!-- VoucherSummaryTest --&gt;
  &lt;test thread-count=&quot;5&quot; name=&quot;NewUserVoucherSummaryTest&quot;&gt;
    &lt;classes&gt;
      &lt;class name=&quot;docuexec.EnduserAllModules.BuyVouchers&quot;&gt;
        &lt;methods&gt;
          &lt;include name=&quot;newUserVouchersummary&quot;/&gt;
        &lt;/methods&gt;
      &lt;/class&gt; &lt;!-- docuexec.EnduserAllModules.BuyVouchers --&gt;
    &lt;/classes&gt;
  &lt;/test&gt; &lt;!-- NewUserVoucherSummaryTest --&gt;
&lt;/suite&gt; &lt;!-- BuyVouchersSuite --&gt;
            </pre>
          </div> <!-- main-panel-content rounded-window-bottom -->
        </div> <!-- panel -->
        <div panel-name="testlist-BuyVouchersSuite" class="panel">
          <div class="main-panel-header rounded-window-top">
            <span class="header-content">Tests for BuyVouchersSuite</span>
          </div> <!-- main-panel-header rounded-window-top -->
          <div class="main-panel-content rounded-window-bottom">
            <ul>
              <li>
                <span class="test-name">BuyVoucherTest (1 class)</span>
              </li>
              <li>
                <span class="test-name">DifferentVoucherTest (1 class)</span>
              </li>
              <li>
                <span class="test-name">VoucherSummaryTest (1 class)</span>
              </li>
              <li>
                <span class="test-name">NewUserVoucherSummaryTest (1 class)</span>
              </li>
            </ul>
          </div> <!-- main-panel-content rounded-window-bottom -->
        </div> <!-- panel -->
        <div panel-name="group-BuyVouchersSuite" class="panel">
          <div class="main-panel-header rounded-window-top">
            <span class="header-content">Groups for BuyVouchersSuite</span>
          </div> <!-- main-panel-header rounded-window-top -->
          <div class="main-panel-content rounded-window-bottom">
          </div> <!-- main-panel-content rounded-window-bottom -->
        </div> <!-- panel -->
        <div panel-name="times-BuyVouchersSuite" class="panel">
          <div class="main-panel-header rounded-window-top">
            <span class="header-content">Times for BuyVouchersSuite</span>
          </div> <!-- main-panel-header rounded-window-top -->
          <div class="main-panel-content rounded-window-bottom">
            <div class="times-div">
              <script type="text/javascript">
suiteTableInitFunctions.push('tableData_BuyVouchersSuite');
function tableData_BuyVouchersSuite() {
var data = new google.visualization.DataTable();
data.addColumn('number', 'Number');
data.addColumn('string', 'Method');
data.addColumn('string', 'Class');
data.addColumn('number', 'Time (ms)');
data.addRows(4);
data.setCell(0, 0, 0)
data.setCell(0, 1, 'Vouchersummary')
data.setCell(0, 2, 'docuexec.EnduserAllModules.BuyVouchers')
data.setCell(0, 3, 400558);
data.setCell(1, 0, 1)
data.setCell(1, 1, 'newUserVouchersummary')
data.setCell(1, 2, 'docuexec.EnduserAllModules.BuyVouchers')
data.setCell(1, 3, 267450);
data.setCell(2, 0, 2)
data.setCell(2, 1, 'differentVouchers')
data.setCell(2, 2, 'docuexec.EnduserAllModules.BuyVouchers')
data.setCell(2, 3, 68136);
data.setCell(3, 0, 3)
data.setCell(3, 1, 'samevouchers')
data.setCell(3, 2, 'docuexec.EnduserAllModules.BuyVouchers')
data.setCell(3, 3, 51159);
window.suiteTableData['BuyVouchersSuite']= { tableData: data, tableDiv: 'times-div-BuyVouchersSuite'}
return data;
}
              </script>
              <span class="suite-total-time">Total running time: 13 minutes</span>
              <div id="times-div-BuyVouchersSuite">
              </div> <!-- times-div-BuyVouchersSuite -->
            </div> <!-- times-div -->
          </div> <!-- main-panel-content rounded-window-bottom -->
        </div> <!-- panel -->
        <div panel-name="reporter-BuyVouchersSuite" class="panel">
          <div class="main-panel-header rounded-window-top">
            <span class="header-content">Reporter output for BuyVouchersSuite</span>
          </div> <!-- main-panel-header rounded-window-top -->
          <div class="main-panel-content rounded-window-bottom">
          </div> <!-- main-panel-content rounded-window-bottom -->
        </div> <!-- panel -->
        <div panel-name="ignored-methods-BuyVouchersSuite" class="panel">
          <div class="main-panel-header rounded-window-top">
            <span class="header-content">20 ignored methods</span>
          </div> <!-- main-panel-header rounded-window-top -->
          <div class="main-panel-content rounded-window-bottom">
            <div class="ignored-class-div">
              <span class="ignored-class-name">docuexec.EnduserAllModules.BuyVouchers</span>
              <div class="ignored-methods-div">
                <span class="ignored-method-name">samevouchers</span>
                <br/>
                <span class="ignored-method-name">testLogout</span>
                <br/>
                <span class="ignored-method-name">samevouchers</span>
                <br/>
                <span class="ignored-method-name">testLogout</span>
                <br/>
                <span class="ignored-method-name">testLogin</span>
                <br/>
                <span class="ignored-method-name">newUserVouchersummary</span>
                <br/>
                <span class="ignored-method-name">Vouchersummary</span>
                <br/>
                <span class="ignored-method-name">testLogout</span>
                <br/>
                <span class="ignored-method-name">testLogin</span>
                <br/>
                <span class="ignored-method-name">samevouchers</span>
                <br/>
                <span class="ignored-method-name">Vouchersummary</span>
                <br/>
                <span class="ignored-method-name">Vouchersummary</span>
                <br/>
                <span class="ignored-method-name">differentVouchers</span>
                <br/>
                <span class="ignored-method-name">differentVouchers</span>
                <br/>
                <span class="ignored-method-name">testLogout</span>
                <br/>
                <span class="ignored-method-name">testLogin</span>
                <br/>
                <span class="ignored-method-name">newUserVouchersummary</span>
                <br/>
                <span class="ignored-method-name">testLogin</span>
                <br/>
                <span class="ignored-method-name">newUserVouchersummary</span>
                <br/>
                <span class="ignored-method-name">differentVouchers</span>
                <br/>
              </div> <!-- ignored-methods-div -->
            </div> <!-- ignored-class-div -->
          </div> <!-- main-panel-content rounded-window-bottom -->
        </div> <!-- panel -->
        <div panel-name="chronological-BuyVouchersSuite" class="panel">
          <div class="main-panel-header rounded-window-top">
            <span class="header-content">Methods in chronological order</span>
          </div> <!-- main-panel-header rounded-window-top -->
          <div class="main-panel-content rounded-window-bottom">
            <div class="chronological-class">
              <div class="chronological-class-name">docuexec.EnduserAllModules.BuyVouchers</div> <!-- chronological-class-name -->
              <div class="configuration-class before">
                <span class="method-name">setUp</span>
                <span class="method-start">0 ms</span>
              </div> <!-- configuration-class before -->
              <div class="test-method">
                <img src="failed.png">
                </img>
                <span class="method-name">samevouchers</span>
                <span class="method-start">1856 ms</span>
              </div> <!-- test-method -->
              <div class="configuration-class after">
                <span class="method-name">close</span>
                <span class="method-start">53038 ms</span>
              </div> <!-- configuration-class after -->
              <div class="configuration-class before">
                <span class="method-name">setUp</span>
                <span class="method-start">55574 ms</span>
              </div> <!-- configuration-class before -->
              <div class="test-method">
                <img src="failed.png">
                </img>
                <span class="method-name">differentVouchers</span>
                <span class="method-start">56485 ms</span>
              </div> <!-- test-method -->
              <div class="configuration-class after">
                <span class="method-name">close</span>
                <span class="method-start">124668 ms</span>
              </div> <!-- configuration-class after -->
              <div class="configuration-class before">
                <span class="method-name">setUp</span>
                <span class="method-start">126942 ms</span>
              </div> <!-- configuration-class before -->
              <div class="test-method">
                <img src="failed.png">
                </img>
                <span class="method-name">Vouchersummary</span>
                <span class="method-start">128022 ms</span>
              </div> <!-- test-method -->
              <div class="configuration-class after">
                <img src="failed.png">
                </img>
                <span class="method-name">close</span>
                <span class="method-start">528589 ms</span>
              </div> <!-- configuration-class after -->
              <div class="configuration-class before">
                <span class="method-name">setUp</span>
                <span class="method-start">710632 ms</span>
              </div> <!-- configuration-class before -->
              <div class="test-method">
                <img src="failed.png">
                </img>
                <span class="method-name">newUserVouchersummary</span>
                <span class="method-start">711653 ms</span>
              </div> <!-- test-method -->
              <div class="configuration-class after">
                <span class="method-name">close</span>
                <span class="method-start">979115 ms</span>
              </div> <!-- configuration-class after -->
          </div> <!-- main-panel-content rounded-window-bottom -->
        </div> <!-- panel -->
      </div> <!-- main-panel-root -->
    </div> <!-- wrapper -->
  </body>
<script type="text/javascript" src="testng-reports2.js"></script>
</html>
